#
# There is insufficient memory for the Java Runtime Environment to continue.
# Native memory allocation (malloc) failed to allocate 1596016 bytes for Chunk::new
# Possible reasons:
#   The system is out of physical RAM or swap space
#   The process is running with CompressedOops enabled, and the Java Heap may be blocking the growth of the native heap
# Possible solutions:
#   Reduce memory load on the system
#   Increase physical memory or swap space
#   Check if swap backing store is full
#   Decrease Java heap size (-Xmx/-Xms)
#   Decrease number of Java threads
#   Decrease Java thread stack sizes (-Xss)
#   Set larger code cache with -XX:ReservedCodeCacheSize=
#   JVM is running with Unscaled Compressed Oops mode in which the Java heap is
#     placed in the first 4GB address space. The Java Heap base address is the
#     maximum limit for the native heap growth. Please use -XX:HeapBaseMinAddress
#     to set the Java Heap base and to place the Java Heap above 4GB virtual address.
# This output file may be truncated or incomplete.
#
#  Out of Memory Error (./src/hotspot/share/memory/arena.cpp:197), pid=13240, tid=5424
#
# JRE version: OpenJDK Runtime Environment (11.0.13) (build 11.0.13+0-b1751.21-8125866)
# Java VM: OpenJDK 64-Bit Server VM (11.0.13+0-b1751.21-8125866, mixed mode, tiered, compressed oops, g1 gc, windows-amd64)
# No core dump will be written. Minidumps are not enabled by default on client versions of Windows
#

---------------  S U M M A R Y ------------

Command Line: --add-opens=java.base/java.util=ALL-UNNAMED --add-opens=java.base/java.lang=ALL-UNNAMED --add-opens=java.base/java.lang.invoke=ALL-UNNAMED --add-opens=java.base/java.util=ALL-UNNAMED --add-opens=java.prefs/java.util.prefs=ALL-UNNAMED --add-opens=java.prefs/java.util.prefs=ALL-UNNAMED --add-opens=java.base/java.nio.charset=ALL-UNNAMED --add-opens=java.base/java.net=ALL-UNNAMED --add-opens=java.base/java.util.concurrent.atomic=ALL-UNNAMED -Xmx1536M -Dfile.encoding=windows-1252 -Duser.country=US -Duser.language=en -Duser.variant org.gradle.launcher.daemon.bootstrap.GradleDaemon 7.5

Host: Intel(R) Core(TM) i5-6300U CPU @ 2.40GHz, 4 cores, 7G,  Windows 10 , 64 bit Build 19041 (10.0.19041.3636)
Time: Fri May 24 17:05:01 2024 E. Africa Standard Time elapsed time: 36.474418 seconds (0d 0h 0m 36s)

---------------  T H R E A D  ---------------

Current thread (0x000001a2798e8800):  JavaThread "C2 CompilerThread0" daemon [_thread_in_native, id=5424, stack(0x000000528d900000,0x000000528da00000)]


Current CompileTask:
C2:  36474 7861   !   4       org.gradle.internal.service.DefaultServiceRegistry$ManagedObjectServiceProvider::getInstance (47 bytes)

Stack: [0x000000528d900000,0x000000528da00000]
Native frames: (J=compiled Java code, j=interpreted, Vv=VM code, C=native code)
V  [jvm.dll+0x6100fa]
V  [jvm.dll+0x747090]
V  [jvm.dll+0x7486ad]
V  [jvm.dll+0x748d83]
V  [jvm.dll+0x24ab48]
V  [jvm.dll+0xc04dc]
V  [jvm.dll+0xc0a0c]
V  [jvm.dll+0x35eb9d]
V  [jvm.dll+0x19d9bc]
V  [jvm.dll+0x2033be]
V  [jvm.dll+0x202437]
V  [jvm.dll+0x188e01]
V  [jvm.dll+0x21106b]
V  [jvm.dll+0x20f8c1]
V  [jvm.dll+0x70de0f]
V  [jvm.dll+0x706a75]
V  [jvm.dll+0x60ed66]
C  [ucrtbase.dll+0x21bb2]
C  [KERNEL32.DLL+0x17344]
C  [ntdll.dll+0x526b1]


---------------  P R O C E S S  ---------------

Threads class SMR info:
_java_thread_list=0x000001a202b420e0, length=81, elements={
0x000001a260fc5800, 0x000001a2798c0800, 0x000001a2798c1800, 0x000001a2798e4000,
0x000001a2798e4800, 0x000001a2798e5800, 0x000001a2798e8800, 0x000001a2798ec000,
0x000001a27a2a1000, 0x000001a27a3a0800, 0x000001a27c074000, 0x000001a27b7be000,
0x000001a27c418800, 0x000001a27ae40000, 0x000001a27c19f000, 0x000001a27b5ff000,
0x000001a27bd3f000, 0x000001a27c04c000, 0x000001a27ae3a800, 0x000001a27c2c7000,
0x000001a27b1b7800, 0x000001a27b1b4000, 0x000001a27b1b6000, 0x000001a27b1ba000,
0x000001a27b1b8000, 0x000001a27b1ba800, 0x000001a27b1b9000, 0x000001a27b1b5000,
0x000001a27b1b6800, 0x000001a27cc71000, 0x000001a27cc72000, 0x000001a27cc78000,
0x000001a27cc78800, 0x000001a27cc73800, 0x000001a27cc7a000, 0x000001a27cc7b000,
0x000001a27cc75800, 0x000001a27cc7c000, 0x000001a27cc7e800, 0x000001a27cc7c800,
0x000001a27cc7d800, 0x000001a27cc7f000, 0x000001a27cc80000, 0x000001a27ce2c000,
0x000001a27ce2d000, 0x000001a27ce27000, 0x000001a27ce2d800, 0x000001a27ce28000,
0x000001a27ce2b800, 0x000001a27ce29800, 0x000001a27ce2a800, 0x000001a27ce2e800,
0x000001a27ce29000, 0x000001a27ce32800, 0x000001a27ce2f800, 0x000001a27ce31000,
0x000001a27ce30000, 0x000001a27ce32000, 0x000001a27ce35000, 0x000001a27ce33800,
0x000001a27ce34000, 0x000001a27ce36000, 0x000001a27ca0c000, 0x000001a27ca08800,
0x000001a27ca0a800, 0x000001a27ca09800, 0x000001a27ca11000, 0x000001a27ca0d000,
0x000001a27ca0d800, 0x000001a27ca0e800, 0x000001a27ca0f800, 0x000001a27ca10000,
0x000001a27ca0b000, 0x000001a27ca13800, 0x000001a27ca11800, 0x000001a27ca14000,
0x000001a27ca12800, 0x000001a27ca17800, 0x000001a27ca16000, 0x000001a27ca16800,
0x000001a27cca2000
}

Java Threads: ( => current thread )
  0x000001a260fc5800 JavaThread "main" [_thread_blocked, id=6936, stack(0x000000528cd00000,0x000000528ce00000)]
  0x000001a2798c0800 JavaThread "Reference Handler" daemon [_thread_blocked, id=14656, stack(0x000000528d400000,0x000000528d500000)]
  0x000001a2798c1800 JavaThread "Finalizer" daemon [_thread_blocked, id=15980, stack(0x000000528d500000,0x000000528d600000)]
  0x000001a2798e4000 JavaThread "Signal Dispatcher" daemon [_thread_blocked, id=15228, stack(0x000000528d600000,0x000000528d700000)]
  0x000001a2798e4800 JavaThread "Attach Listener" daemon [_thread_blocked, id=19188, stack(0x000000528d700000,0x000000528d800000)]
  0x000001a2798e5800 JavaThread "Service Thread" daemon [_thread_blocked, id=6364, stack(0x000000528d800000,0x000000528d900000)]
=>0x000001a2798e8800 JavaThread "C2 CompilerThread0" daemon [_thread_in_native, id=5424, stack(0x000000528d900000,0x000000528da00000)]
  0x000001a2798ec000 JavaThread "C1 CompilerThread0" daemon [_thread_blocked, id=9640, stack(0x000000528da00000,0x000000528db00000)]
  0x000001a27a2a1000 JavaThread "Sweeper thread" daemon [_thread_blocked, id=10864, stack(0x000000528db00000,0x000000528dc00000)]
  0x000001a27a3a0800 JavaThread "Common-Cleaner" daemon [_thread_blocked, id=16044, stack(0x000000528dc00000,0x000000528dd00000)]
  0x000001a27c074000 JavaThread "Daemon health stats" [_thread_blocked, id=12744, stack(0x000000528e100000,0x000000528e200000)]
  0x000001a27b7be000 JavaThread "Incoming local TCP Connector on port 61960" [_thread_in_native, id=18036, stack(0x000000528de00000,0x000000528df00000)]
  0x000001a27c418800 JavaThread "Daemon periodic checks" [_thread_blocked, id=15688, stack(0x000000528e300000,0x000000528e400000)]
  0x000001a27ae40000 JavaThread "Daemon" [_thread_blocked, id=16752, stack(0x000000528e400000,0x000000528e500000)]
  0x000001a27c19f000 JavaThread "Handler for socket connection from /127.0.0.1:61960 to /127.0.0.1:61961" [_thread_in_native, id=4732, stack(0x000000528e500000,0x000000528e600000)]
  0x000001a27b5ff000 JavaThread "Cancel handler" [_thread_blocked, id=936, stack(0x000000528e600000,0x000000528e700000)]
  0x000001a27bd3f000 JavaThread "Daemon worker" [_thread_in_Java, id=11932, stack(0x000000528e700000,0x000000528e800000)]
  0x000001a27c04c000 JavaThread "Asynchronous log dispatcher for DefaultDaemonConnection: socket connection from /127.0.0.1:61960 to /127.0.0.1:61961" [_thread_blocked, id=2292, stack(0x000000528e800000,0x000000528e900000)]
  0x000001a27ae3a800 JavaThread "Stdin handler" [_thread_blocked, id=16736, stack(0x000000528e900000,0x000000528ea00000)]
  0x000001a27c2c7000 JavaThread "Daemon client event forwarder" [_thread_blocked, id=9404, stack(0x000000528ea00000,0x000000528eb00000)]
  0x000001a27b1b7800 JavaThread "Cache worker for journal cache (C:\Users\Muller\.gradle\caches\journal-1)" [_thread_blocked, id=16368, stack(0x000000528eb00000,0x000000528ec00000)]
  0x000001a27b1b4000 JavaThread "File lock request listener" [_thread_in_native, id=15568, stack(0x000000528ec00000,0x000000528ed00000)]
  0x000001a27b1b6000 JavaThread "File lock release action executor" [_thread_blocked, id=14564, stack(0x000000528ed00000,0x000000528ee00000)]
  0x000001a27b1ba000 JavaThread "Cache worker for file hash cache (C:\Users\Muller\.gradle\caches\7.5\fileHashes)" [_thread_blocked, id=11000, stack(0x000000528ee00000,0x000000528ef00000)]
  0x000001a27b1b8000 JavaThread "File watcher server" daemon [_thread_in_native, id=16248, stack(0x000000528f000000,0x000000528f100000)]
  0x000001a27b1ba800 JavaThread "File watcher consumer" daemon [_thread_blocked, id=3636, stack(0x000000528f100000,0x000000528f200000)]
  0x000001a27b1b9000 JavaThread "Cache worker for checksums cache (E:\Flutter Projects\taxi\android\.gradle\7.5\checksums)" [_thread_blocked, id=8324, stack(0x000000528ef00000,0x000000528f000000)]
  0x000001a27b1b5000 JavaThread "Cache worker for cache directory md-rule (C:\Users\Muller\.gradle\caches\7.5\md-rule)" [_thread_blocked, id=17120, stack(0x000000528f200000,0x000000528f300000)]
  0x000001a27b1b6800 JavaThread "Cache worker for file content cache (C:\Users\Muller\.gradle\caches\7.5\fileContent)" [_thread_blocked, id=1564, stack(0x000000528f300000,0x000000528f400000)]
  0x000001a27cc71000 JavaThread "Cache worker for file hash cache (E:\Flutter Projects\taxi\android\.gradle\7.5\fileHashes)" [_thread_blocked, id=10908, stack(0x000000528f400000,0x000000528f500000)]
  0x000001a27cc72000 JavaThread "Cache worker for cache directory md-supplier (C:\Users\Muller\.gradle\caches\7.5\md-supplier)" [_thread_blocked, id=11784, stack(0x000000528f500000,0x000000528f600000)]
  0x000001a27cc78000 JavaThread "Cache worker for execution history cache (C:\Users\Muller\.gradle\caches\7.5\executionHistory)" [_thread_blocked, id=13168, stack(0x000000528f600000,0x000000528f700000)]
  0x000001a27cc78800 JavaThread "jar transforms" [_thread_blocked, id=4852, stack(0x000000528f800000,0x000000528f900000)]
  0x000001a27cc73800 JavaThread "jar transforms Thread 2" [_thread_blocked, id=10204, stack(0x000000528f900000,0x000000528fa00000)]
  0x000001a27cc7a000 JavaThread "jar transforms Thread 3" [_thread_blocked, id=9408, stack(0x000000528fa00000,0x000000528fb00000)]
  0x000001a27cc7b000 JavaThread "jar transforms Thread 4" [_thread_blocked, id=832, stack(0x000000528fb00000,0x000000528fc00000)]
  0x000001a27cc75800 JavaThread "Cache worker for dependencies-accessors (E:\Flutter Projects\taxi\android\.gradle\7.5\dependencies-accessors)" [_thread_blocked, id=2664, stack(0x000000528fc00000,0x000000528fd00000)]
  0x000001a27cc7c000 JavaThread "Cache worker for Build Output Cleanup Cache (E:\Flutter Projects\taxi\android\.gradle\buildOutputCleanup)" [_thread_blocked, id=4268, stack(0x000000528f700000,0x000000528f800000)]
  0x000001a27cc7e800 JavaThread "Unconstrained build operations" [_thread_blocked, id=2832, stack(0x000000528fd00000,0x000000528fe00000)]
  0x000001a27cc7c800 JavaThread "Unconstrained build operations Thread 2" [_thread_blocked, id=18148, stack(0x000000528fe00000,0x000000528ff00000)]
  0x000001a27cc7d800 JavaThread "Unconstrained build operations Thread 3" [_thread_blocked, id=13500, stack(0x000000528ff00000,0x0000005290000000)]
  0x000001a27cc7f000 JavaThread "Unconstrained build operations Thread 4" [_thread_blocked, id=14816, stack(0x0000005290000000,0x0000005290100000)]
  0x000001a27cc80000 JavaThread "Unconstrained build operations Thread 5" [_thread_blocked, id=19088, stack(0x0000005290100000,0x0000005290200000)]
  0x000001a27ce2c000 JavaThread "Unconstrained build operations Thread 6" [_thread_blocked, id=6380, stack(0x0000005290200000,0x0000005290300000)]
  0x000001a27ce2d000 JavaThread "Unconstrained build operations Thread 7" [_thread_blocked, id=17336, stack(0x0000005290300000,0x0000005290400000)]
  0x000001a27ce27000 JavaThread "Unconstrained build operations Thread 8" [_thread_blocked, id=1552, stack(0x0000005290400000,0x0000005290500000)]
  0x000001a27ce2d800 JavaThread "Unconstrained build operations Thread 9" [_thread_blocked, id=2156, stack(0x0000005290500000,0x0000005290600000)]
  0x000001a27ce28000 JavaThread "Unconstrained build operations Thread 10" [_thread_blocked, id=15464, stack(0x0000005290600000,0x0000005290700000)]
  0x000001a27ce2b800 JavaThread "Unconstrained build operations Thread 11" [_thread_blocked, id=13844, stack(0x0000005290700000,0x0000005290800000)]
  0x000001a27ce29800 JavaThread "Unconstrained build operations Thread 12" [_thread_blocked, id=16300, stack(0x0000005290800000,0x0000005290900000)]
  0x000001a27ce2a800 JavaThread "Unconstrained build operations Thread 13" [_thread_blocked, id=6472, stack(0x0000005290900000,0x0000005290a00000)]
  0x000001a27ce2e800 JavaThread "Unconstrained build operations Thread 14" [_thread_blocked, id=9652, stack(0x0000005290a00000,0x0000005290b00000)]
  0x000001a27ce29000 JavaThread "Unconstrained build operations Thread 15" [_thread_blocked, id=3480, stack(0x0000005290b00000,0x0000005290c00000)]
  0x000001a27ce32800 JavaThread "Unconstrained build operations Thread 16" [_thread_blocked, id=2140, stack(0x0000005290c00000,0x0000005290d00000)]
  0x000001a27ce2f800 JavaThread "Unconstrained build operations Thread 17" [_thread_blocked, id=13840, stack(0x0000005290d00000,0x0000005290e00000)]
  0x000001a27ce31000 JavaThread "Unconstrained build operations Thread 18" [_thread_blocked, id=7976, stack(0x0000005290e00000,0x0000005290f00000)]
  0x000001a27ce30000 JavaThread "Unconstrained build operations Thread 19" [_thread_blocked, id=13908, stack(0x0000005290f00000,0x0000005291000000)]
  0x000001a27ce32000 JavaThread "Unconstrained build operations Thread 20" [_thread_blocked, id=14344, stack(0x0000005291000000,0x0000005291100000)]
  0x000001a27ce35000 JavaThread "Unconstrained build operations Thread 21" [_thread_blocked, id=7944, stack(0x0000005291100000,0x0000005291200000)]
  0x000001a27ce33800 JavaThread "Unconstrained build operations Thread 22" [_thread_blocked, id=7524, stack(0x0000005291200000,0x0000005291300000)]
  0x000001a27ce34000 JavaThread "Unconstrained build operations Thread 23" [_thread_blocked, id=18940, stack(0x0000005291300000,0x0000005291400000)]
  0x000001a27ce36000 JavaThread "Unconstrained build operations Thread 24" [_thread_blocked, id=3932, stack(0x0000005291400000,0x0000005291500000)]
  0x000001a27ca0c000 JavaThread "Unconstrained build operations Thread 25" [_thread_blocked, id=16980, stack(0x0000005291500000,0x0000005291600000)]
  0x000001a27ca08800 JavaThread "Unconstrained build operations Thread 26" [_thread_blocked, id=17148, stack(0x0000005291600000,0x0000005291700000)]
  0x000001a27ca0a800 JavaThread "Unconstrained build operations Thread 27" [_thread_blocked, id=16184, stack(0x0000005291700000,0x0000005291800000)]
  0x000001a27ca09800 JavaThread "Unconstrained build operations Thread 28" [_thread_blocked, id=16440, stack(0x0000005291800000,0x0000005291900000)]
  0x000001a27ca11000 JavaThread "Unconstrained build operations Thread 29" [_thread_blocked, id=4972, stack(0x0000005291900000,0x0000005291a00000)]
  0x000001a27ca0d000 JavaThread "Unconstrained build operations Thread 30" [_thread_blocked, id=2256, stack(0x0000005291a00000,0x0000005291b00000)]
  0x000001a27ca0d800 JavaThread "Unconstrained build operations Thread 31" [_thread_blocked, id=8632, stack(0x0000005291b00000,0x0000005291c00000)]
  0x000001a27ca0e800 JavaThread "Unconstrained build operations Thread 32" [_thread_blocked, id=8912, stack(0x0000005291c00000,0x0000005291d00000)]
  0x000001a27ca0f800 JavaThread "Unconstrained build operations Thread 33" [_thread_blocked, id=14524, stack(0x0000005291d00000,0x0000005291e00000)]
  0x000001a27ca10000 JavaThread "Unconstrained build operations Thread 34" [_thread_blocked, id=18660, stack(0x0000005291e00000,0x0000005291f00000)]
  0x000001a27ca0b000 JavaThread "Unconstrained build operations Thread 35" [_thread_blocked, id=18992, stack(0x0000005291f00000,0x0000005292000000)]
  0x000001a27ca13800 JavaThread "Unconstrained build operations Thread 36" [_thread_blocked, id=6848, stack(0x0000005292000000,0x0000005292100000)]
  0x000001a27ca11800 JavaThread "Unconstrained build operations Thread 37" [_thread_blocked, id=1848, stack(0x0000005292100000,0x0000005292200000)]
  0x000001a27ca14000 JavaThread "Unconstrained build operations Thread 38" [_thread_blocked, id=11412, stack(0x0000005292200000,0x0000005292300000)]
  0x000001a27ca12800 JavaThread "Unconstrained build operations Thread 39" [_thread_blocked, id=18980, stack(0x0000005292300000,0x0000005292400000)]
  0x000001a27ca17800 JavaThread "Unconstrained build operations Thread 40" [_thread_blocked, id=8380, stack(0x0000005292400000,0x0000005292500000)]
  0x000001a27ca16000 JavaThread "Memory manager" [_thread_blocked, id=12964, stack(0x0000005292600000,0x0000005292700000)]
  0x000001a27ca16800 JavaThread "Cache worker for kotlin-dsl (C:\Users\Muller\.gradle\caches\7.5\kotlin-dsl)" [_thread_blocked, id=5220, stack(0x0000005292500000,0x0000005292600000)]
  0x000001a27cca2000 JavaThread "C2 CompilerThread1" daemon [_thread_in_native, id=14296, stack(0x000000528cb00000,0x000000528cc00000)]

Other Threads:
  0x000001a27989b000 VMThread "VM Thread" [stack: 0x000000528d300000,0x000000528d400000] [id=19012]
  0x000001a27a3a6000 WatcherThread [stack: 0x000000528dd00000,0x000000528de00000] [id=5828]
  0x000001a260fe0000 GCTaskThread "GC Thread#0" [stack: 0x000000528ce00000,0x000000528cf00000] [id=10988]
  0x000001a27ad1e800 GCTaskThread "GC Thread#1" [stack: 0x000000528df00000,0x000000528e000000] [id=15380]
  0x000001a27a622800 GCTaskThread "GC Thread#2" [stack: 0x000000528e000000,0x000000528e100000] [id=18616]
  0x000001a27d1b0800 GCTaskThread "GC Thread#3" [stack: 0x000000528e200000,0x000000528e300000] [id=14476]
  0x000001a261006000 ConcurrentGCThread "G1 Main Marker" [stack: 0x000000528cf00000,0x000000528d000000] [id=10384]
  0x000001a261007800 ConcurrentGCThread "G1 Conc#0" [stack: 0x000000528d000000,0x000000528d100000] [id=14240]
  0x000001a261093000 ConcurrentGCThread "G1 Refine#0" [stack: 0x000000528d100000,0x000000528d200000] [id=5316]
  0x000001a261094000 ConcurrentGCThread "G1 Young RemSet Sampling" [stack: 0x000000528d200000,0x000000528d300000] [id=19092]

Threads with active compile tasks:
C2 CompilerThread0  36539 7861   !   4       org.gradle.internal.service.DefaultServiceRegistry$ManagedObjectServiceProvider::getInstance (47 bytes)
C2 CompilerThread1  36539 7887       4       groovy.lang.MetaClassImpl::inheritInterfaceNewMetaMethods (195 bytes)

VM state:not at safepoint (normal execution)

VM Mutex/Monitor currently owned by a thread: None

Heap address: 0x00000000a0000000, size: 1536 MB, Compressed Oops mode: 32-bit
Narrow klass base: 0x0000000000000000, Narrow klass shift: 3
Compressed class space size: 1073741824 Address: 0x0000000100000000

Heap:
 garbage-first heap   total 131072K, used 85976K [0x00000000a0000000, 0x0000000100000000)
  region size 1024K, 15 young (15360K), 4 survivors (4096K)
 Metaspace       used 69249K, capacity 71502K, committed 71632K, reserved 1112064K
  class space    used 8739K, capacity 9502K, committed 9504K, reserved 1048576K
Heap Regions: E=young(eden), S=young(survivor), O=old, HS=humongous(starts), HC=humongous(continues), CS=collection set, F=free, A=archive, TAMS=top-at-mark-start (previous, next)
|   0|0x00000000a0000000, 0x00000000a0100000, 0x00000000a0100000|100%|HS|  |TAMS 0x00000000a0100000, 0x00000000a0000000| Complete 
|   1|0x00000000a0100000, 0x00000000a0200000, 0x00000000a0200000|100%|HC|  |TAMS 0x00000000a0200000, 0x00000000a0100000| Complete 
|   2|0x00000000a0200000, 0x00000000a0300000, 0x00000000a0300000|100%|HC|  |TAMS 0x00000000a0300000, 0x00000000a0200000| Complete 
|   3|0x00000000a0300000, 0x00000000a0400000, 0x00000000a0400000|100%| O|  |TAMS 0x00000000a0400000, 0x00000000a0300000| Untracked 
|   4|0x00000000a0400000, 0x00000000a0500000, 0x00000000a0500000|100%| O|  |TAMS 0x00000000a0500000, 0x00000000a0400000| Untracked 
|   5|0x00000000a0500000, 0x00000000a0600000, 0x00000000a0600000|100%| O|  |TAMS 0x00000000a0600000, 0x00000000a0500000| Untracked 
|   6|0x00000000a0600000, 0x00000000a0700000, 0x00000000a0700000|100%| O|  |TAMS 0x00000000a0700000, 0x00000000a0600000| Untracked 
|   7|0x00000000a0700000, 0x00000000a0800000, 0x00000000a0800000|100%| O|  |TAMS 0x00000000a0800000, 0x00000000a0700000| Untracked 
|   8|0x00000000a0800000, 0x00000000a0900000, 0x00000000a0900000|100%| O|  |TAMS 0x00000000a0900000, 0x00000000a0800000| Untracked 
|   9|0x00000000a0900000, 0x00000000a0a00000, 0x00000000a0a00000|100%| O|  |TAMS 0x00000000a0a00000, 0x00000000a0900000| Untracked 
|  10|0x00000000a0a00000, 0x00000000a0b00000, 0x00000000a0b00000|100%| O|  |TAMS 0x00000000a0b00000, 0x00000000a0a00000| Untracked 
|  11|0x00000000a0b00000, 0x00000000a0c00000, 0x00000000a0c00000|100%| O|  |TAMS 0x00000000a0c00000, 0x00000000a0b00000| Untracked 
|  12|0x00000000a0c00000, 0x00000000a0d00000, 0x00000000a0d00000|100%| O|  |TAMS 0x00000000a0d00000, 0x00000000a0c00000| Untracked 
|  13|0x00000000a0d00000, 0x00000000a0e00000, 0x00000000a0e00000|100%| O|  |TAMS 0x00000000a0e00000, 0x00000000a0d00000| Untracked 
|  14|0x00000000a0e00000, 0x00000000a0f00000, 0x00000000a0f00000|100%| O|  |TAMS 0x00000000a0f00000, 0x00000000a0e00000| Untracked 
|  15|0x00000000a0f00000, 0x00000000a1000000, 0x00000000a1000000|100%| O|  |TAMS 0x00000000a1000000, 0x00000000a0f00000| Untracked 
|  16|0x00000000a1000000, 0x00000000a1100000, 0x00000000a1100000|100%| O|  |TAMS 0x00000000a1100000, 0x00000000a1000000| Untracked 
|  17|0x00000000a1100000, 0x00000000a1200000, 0x00000000a1200000|100%| O|  |TAMS 0x00000000a1200000, 0x00000000a1100000| Untracked 
|  18|0x00000000a1200000, 0x00000000a1300000, 0x00000000a1300000|100%| O|  |TAMS 0x00000000a1300000, 0x00000000a1200000| Untracked 
|  19|0x00000000a1300000, 0x00000000a1400000, 0x00000000a1400000|100%| O|  |TAMS 0x00000000a1400000, 0x00000000a1300000| Untracked 
|  20|0x00000000a1400000, 0x00000000a1500000, 0x00000000a1500000|100%| O|  |TAMS 0x00000000a1500000, 0x00000000a1400000| Untracked 
|  21|0x00000000a1500000, 0x00000000a1600000, 0x00000000a1600000|100%| O|  |TAMS 0x00000000a1600000, 0x00000000a1500000| Untracked 
|  22|0x00000000a1600000, 0x00000000a1700000, 0x00000000a1700000|100%| O|  |TAMS 0x00000000a1700000, 0x00000000a1600000| Untracked 
|  23|0x00000000a1700000, 0x00000000a1800000, 0x00000000a1800000|100%| O|  |TAMS 0x00000000a1800000, 0x00000000a1700000| Untracked 
|  24|0x00000000a1800000, 0x00000000a1900000, 0x00000000a1900000|100%| O|  |TAMS 0x00000000a1900000, 0x00000000a1800000| Untracked 
|  25|0x00000000a1900000, 0x00000000a1a00000, 0x00000000a1a00000|100%| O|  |TAMS 0x00000000a1a00000, 0x00000000a1900000| Untracked 
|  26|0x00000000a1a00000, 0x00000000a1b00000, 0x00000000a1b00000|100%| O|  |TAMS 0x00000000a1b00000, 0x00000000a1a00000| Untracked 
|  27|0x00000000a1b00000, 0x00000000a1c00000, 0x00000000a1c00000|100%| O|  |TAMS 0x00000000a1c00000, 0x00000000a1b00000| Untracked 
|  28|0x00000000a1c00000, 0x00000000a1d00000, 0x00000000a1d00000|100%| O|  |TAMS 0x00000000a1d00000, 0x00000000a1c00000| Untracked 
|  29|0x00000000a1d00000, 0x00000000a1e00000, 0x00000000a1e00000|100%| O|  |TAMS 0x00000000a1e00000, 0x00000000a1d00000| Untracked 
|  30|0x00000000a1e00000, 0x00000000a1f00000, 0x00000000a1f00000|100%|HS|  |TAMS 0x00000000a1f00000, 0x00000000a1e00000| Complete 
|  31|0x00000000a1f00000, 0x00000000a2000000, 0x00000000a2000000|100%|HS|  |TAMS 0x00000000a2000000, 0x00000000a1f00000| Complete 
|  32|0x00000000a2000000, 0x00000000a2100000, 0x00000000a2100000|100%|HS|  |TAMS 0x00000000a2100000, 0x00000000a2000000| Complete 
|  33|0x00000000a2100000, 0x00000000a2200000, 0x00000000a2200000|100%|HC|  |TAMS 0x00000000a2200000, 0x00000000a2100000| Complete 
|  34|0x00000000a2200000, 0x00000000a2300000, 0x00000000a2300000|100%|HC|  |TAMS 0x00000000a2300000, 0x00000000a2200000| Complete 
|  35|0x00000000a2300000, 0x00000000a2400000, 0x00000000a2400000|100%|HS|  |TAMS 0x00000000a2400000, 0x00000000a2300000| Complete 
|  36|0x00000000a2400000, 0x00000000a2500000, 0x00000000a2500000|100%|HC|  |TAMS 0x00000000a2500000, 0x00000000a2400000| Complete 
|  37|0x00000000a2500000, 0x00000000a2600000, 0x00000000a2600000|100%| O|  |TAMS 0x00000000a2600000, 0x00000000a2500000| Untracked 
|  38|0x00000000a2600000, 0x00000000a2600000, 0x00000000a2700000|  0%| F|  |TAMS 0x00000000a2600000, 0x00000000a2600000| Untracked 
|  39|0x00000000a2700000, 0x00000000a2800000, 0x00000000a2800000|100%| O|  |TAMS 0x00000000a2800000, 0x00000000a2700000| Untracked 
|  40|0x00000000a2800000, 0x00000000a2900000, 0x00000000a2900000|100%| O|  |TAMS 0x00000000a2900000, 0x00000000a2800000| Untracked 
|  41|0x00000000a2900000, 0x00000000a2a00000, 0x00000000a2a00000|100%| O|  |TAMS 0x00000000a2a00000, 0x00000000a2900000| Untracked 
|  42|0x00000000a2a00000, 0x00000000a2b00000, 0x00000000a2b00000|100%| O|  |TAMS 0x00000000a2b00000, 0x00000000a2a00000| Untracked 
|  43|0x00000000a2b00000, 0x00000000a2c00000, 0x00000000a2c00000|100%| O|  |TAMS 0x00000000a2c00000, 0x00000000a2b00000| Untracked 
|  44|0x00000000a2c00000, 0x00000000a2d00000, 0x00000000a2d00000|100%| O|  |TAMS 0x00000000a2d00000, 0x00000000a2c00000| Untracked 
|  45|0x00000000a2d00000, 0x00000000a2e00000, 0x00000000a2e00000|100%| O|  |TAMS 0x00000000a2e00000, 0x00000000a2d00000| Untracked 
|  46|0x00000000a2e00000, 0x00000000a2f00000, 0x00000000a2f00000|100%| O|  |TAMS 0x00000000a2f00000, 0x00000000a2e00000| Untracked 
|  47|0x00000000a2f00000, 0x00000000a3000000, 0x00000000a3000000|100%| O|  |TAMS 0x00000000a3000000, 0x00000000a2f00000| Untracked 
|  48|0x00000000a3000000, 0x00000000a3100000, 0x00000000a3100000|100%| O|  |TAMS 0x00000000a3100000, 0x00000000a3000000| Untracked 
|  49|0x00000000a3100000, 0x00000000a3200000, 0x00000000a3200000|100%| O|  |TAMS 0x00000000a3200000, 0x00000000a3100000| Untracked 
|  50|0x00000000a3200000, 0x00000000a3300000, 0x00000000a3300000|100%|HS|  |TAMS 0x00000000a3300000, 0x00000000a3200000| Complete 
|  51|0x00000000a3300000, 0x00000000a3400000, 0x00000000a3400000|100%| O|  |TAMS 0x00000000a3400000, 0x00000000a3300000| Untracked 
|  52|0x00000000a3400000, 0x00000000a3500000, 0x00000000a3500000|100%| O|  |TAMS 0x00000000a3500000, 0x00000000a3400000| Untracked 
|  53|0x00000000a3500000, 0x00000000a3600000, 0x00000000a3600000|100%| O|  |TAMS 0x00000000a3600000, 0x00000000a3500000| Untracked 
|  54|0x00000000a3600000, 0x00000000a3700000, 0x00000000a3700000|100%| O|  |TAMS 0x00000000a3700000, 0x00000000a3600000| Untracked 
|  55|0x00000000a3700000, 0x00000000a3800000, 0x00000000a3800000|100%| O|  |TAMS 0x00000000a3800000, 0x00000000a3700000| Untracked 
|  56|0x00000000a3800000, 0x00000000a3900000, 0x00000000a3900000|100%|HS|  |TAMS 0x00000000a3900000, 0x00000000a3800000| Complete 
|  57|0x00000000a3900000, 0x00000000a3a00000, 0x00000000a3a00000|100%| O|  |TAMS 0x00000000a3a00000, 0x00000000a3900000| Untracked 
|  58|0x00000000a3a00000, 0x00000000a3b00000, 0x00000000a3b00000|100%| O|  |TAMS 0x00000000a3b00000, 0x00000000a3a00000| Untracked 
|  59|0x00000000a3b00000, 0x00000000a3c00000, 0x00000000a3c00000|100%| O|  |TAMS 0x00000000a3c00000, 0x00000000a3b00000| Untracked 
|  60|0x00000000a3c00000, 0x00000000a3d00000, 0x00000000a3d00000|100%| O|  |TAMS 0x00000000a3d00000, 0x00000000a3c00000| Untracked 
|  61|0x00000000a3d00000, 0x00000000a3e00000, 0x00000000a3e00000|100%| O|  |TAMS 0x00000000a3e00000, 0x00000000a3d00000| Untracked 
|  62|0x00000000a3e00000, 0x00000000a3f00000, 0x00000000a3f00000|100%| O|  |TAMS 0x00000000a3f00000, 0x00000000a3e00000| Untracked 
|  63|0x00000000a3f00000, 0x00000000a4000000, 0x00000000a4000000|100%| O|  |TAMS 0x00000000a4000000, 0x00000000a3f00000| Untracked 
|  64|0x00000000a4000000, 0x00000000a4100000, 0x00000000a4100000|100%| O|  |TAMS 0x00000000a4100000, 0x00000000a4000000| Untracked 
|  65|0x00000000a4100000, 0x00000000a4200000, 0x00000000a4200000|100%| O|  |TAMS 0x00000000a4200000, 0x00000000a4100000| Untracked 
|  66|0x00000000a4200000, 0x00000000a4300000, 0x00000000a4300000|100%| O|  |TAMS 0x00000000a4300000, 0x00000000a4200000| Untracked 
|  67|0x00000000a4300000, 0x00000000a4400000, 0x00000000a4400000|100%| O|  |TAMS 0x00000000a4400000, 0x00000000a4300000| Untracked 
|  68|0x00000000a4400000, 0x00000000a4500000, 0x00000000a4500000|100%| O|  |TAMS 0x00000000a4500000, 0x00000000a4400000| Untracked 
|  69|0x00000000a4500000, 0x00000000a4600000, 0x00000000a4600000|100%| O|  |TAMS 0x00000000a4600000, 0x00000000a4500000| Untracked 
|  70|0x00000000a4600000, 0x00000000a4700000, 0x00000000a4700000|100%| O|  |TAMS 0x00000000a4700000, 0x00000000a4600000| Untracked 
|  71|0x00000000a4700000, 0x00000000a47a2e00, 0x00000000a4800000| 63%| O|  |TAMS 0x00000000a470c000, 0x00000000a4700000| Untracked 
|  72|0x00000000a4800000, 0x00000000a4800000, 0x00000000a4900000|  0%| F|  |TAMS 0x00000000a4800000, 0x00000000a4800000| Untracked 
|  73|0x00000000a4900000, 0x00000000a4900000, 0x00000000a4a00000|  0%| F|  |TAMS 0x00000000a4900000, 0x00000000a4900000| Untracked 
|  74|0x00000000a4a00000, 0x00000000a4a00000, 0x00000000a4b00000|  0%| F|  |TAMS 0x00000000a4a00000, 0x00000000a4a00000| Untracked 
|  75|0x00000000a4b00000, 0x00000000a4b00000, 0x00000000a4c00000|  0%| F|  |TAMS 0x00000000a4b00000, 0x00000000a4b00000| Untracked 
|  76|0x00000000a4c00000, 0x00000000a4c00000, 0x00000000a4d00000|  0%| F|  |TAMS 0x00000000a4c00000, 0x00000000a4c00000| Untracked 
|  77|0x00000000a4d00000, 0x00000000a4d00000, 0x00000000a4e00000|  0%| F|  |TAMS 0x00000000a4d00000, 0x00000000a4d00000| Untracked 
|  78|0x00000000a4e00000, 0x00000000a4e00000, 0x00000000a4f00000|  0%| F|  |TAMS 0x00000000a4e00000, 0x00000000a4e00000| Untracked 
|  79|0x00000000a4f00000, 0x00000000a4f00000, 0x00000000a5000000|  0%| F|  |TAMS 0x00000000a4f00000, 0x00000000a4f00000| Untracked 
|  80|0x00000000a5000000, 0x00000000a5000000, 0x00000000a5100000|  0%| F|  |TAMS 0x00000000a5000000, 0x00000000a5000000| Untracked 
|  81|0x00000000a5100000, 0x00000000a5100000, 0x00000000a5200000|  0%| F|  |TAMS 0x00000000a5100000, 0x00000000a5100000| Untracked 
|  82|0x00000000a5200000, 0x00000000a5200000, 0x00000000a5300000|  0%| F|  |TAMS 0x00000000a5200000, 0x00000000a5200000| Untracked 
|  83|0x00000000a5300000, 0x00000000a5300000, 0x00000000a5400000|  0%| F|  |TAMS 0x00000000a5300000, 0x00000000a5300000| Untracked 
|  84|0x00000000a5400000, 0x00000000a5400000, 0x00000000a5500000|  0%| F|  |TAMS 0x00000000a5400000, 0x00000000a5400000| Untracked 
|  85|0x00000000a5500000, 0x00000000a5500000, 0x00000000a5600000|  0%| F|  |TAMS 0x00000000a5500000, 0x00000000a5500000| Untracked 
|  86|0x00000000a5600000, 0x00000000a5600000, 0x00000000a5700000|  0%| F|  |TAMS 0x00000000a5600000, 0x00000000a5600000| Untracked 
|  87|0x00000000a5700000, 0x00000000a5700000, 0x00000000a5800000|  0%| F|  |TAMS 0x00000000a5700000, 0x00000000a5700000| Untracked 
|  88|0x00000000a5800000, 0x00000000a5800000, 0x00000000a5900000|  0%| F|  |TAMS 0x00000000a5800000, 0x00000000a5800000| Untracked 
|  89|0x00000000a5900000, 0x00000000a5900000, 0x00000000a5a00000|  0%| F|  |TAMS 0x00000000a5900000, 0x00000000a5900000| Untracked 
|  90|0x00000000a5a00000, 0x00000000a5a00000, 0x00000000a5b00000|  0%| F|  |TAMS 0x00000000a5a00000, 0x00000000a5a00000| Untracked 
|  91|0x00000000a5b00000, 0x00000000a5b00000, 0x00000000a5c00000|  0%| F|  |TAMS 0x00000000a5b00000, 0x00000000a5b00000| Untracked 
|  92|0x00000000a5c00000, 0x00000000a5c00000, 0x00000000a5d00000|  0%| F|  |TAMS 0x00000000a5c00000, 0x00000000a5c00000| Untracked 
|  93|0x00000000a5d00000, 0x00000000a5d00000, 0x00000000a5e00000|  0%| F|  |TAMS 0x00000000a5d00000, 0x00000000a5d00000| Untracked 
|  94|0x00000000a5e00000, 0x00000000a5e00000, 0x00000000a5f00000|  0%| F|  |TAMS 0x00000000a5e00000, 0x00000000a5e00000| Untracked 
|  95|0x00000000a5f00000, 0x00000000a5f00000, 0x00000000a6000000|  0%| F|  |TAMS 0x00000000a5f00000, 0x00000000a5f00000| Untracked 
|  96|0x00000000a6000000, 0x00000000a6000000, 0x00000000a6100000|  0%| F|  |TAMS 0x00000000a6000000, 0x00000000a6000000| Untracked 
|  97|0x00000000a6100000, 0x00000000a6100000, 0x00000000a6200000|  0%| F|  |TAMS 0x00000000a6100000, 0x00000000a6100000| Untracked 
|  98|0x00000000a6200000, 0x00000000a6200000, 0x00000000a6300000|  0%| F|  |TAMS 0x00000000a6200000, 0x00000000a6200000| Untracked 
|  99|0x00000000a6300000, 0x00000000a6353458, 0x00000000a6400000| 32%| S|CS|TAMS 0x00000000a6300000, 0x00000000a6300000| Complete 
| 100|0x00000000a6400000, 0x00000000a6500000, 0x00000000a6500000|100%| S|CS|TAMS 0x00000000a6400000, 0x00000000a6400000| Complete 
| 101|0x00000000a6500000, 0x00000000a6600000, 0x00000000a6600000|100%| S|CS|TAMS 0x00000000a6500000, 0x00000000a6500000| Complete 
| 102|0x00000000a6600000, 0x00000000a6700000, 0x00000000a6700000|100%| S|CS|TAMS 0x00000000a6600000, 0x00000000a6600000| Complete 
| 103|0x00000000a6700000, 0x00000000a6700000, 0x00000000a6800000|  0%| F|  |TAMS 0x00000000a6700000, 0x00000000a6700000| Untracked 
| 104|0x00000000a6800000, 0x00000000a6800000, 0x00000000a6900000|  0%| F|  |TAMS 0x00000000a6800000, 0x00000000a6800000| Untracked 
| 105|0x00000000a6900000, 0x00000000a6900000, 0x00000000a6a00000|  0%| F|  |TAMS 0x00000000a6900000, 0x00000000a6900000| Untracked 
| 106|0x00000000a6a00000, 0x00000000a6a00000, 0x00000000a6b00000|  0%| F|  |TAMS 0x00000000a6a00000, 0x00000000a6a00000| Untracked 
| 107|0x00000000a6b00000, 0x00000000a6b00000, 0x00000000a6c00000|  0%| F|  |TAMS 0x00000000a6b00000, 0x00000000a6b00000| Untracked 
| 108|0x00000000a6c00000, 0x00000000a6c00000, 0x00000000a6d00000|  0%| F|  |TAMS 0x00000000a6c00000, 0x00000000a6c00000| Untracked 
| 109|0x00000000a6d00000, 0x00000000a6d00000, 0x00000000a6e00000|  0%| F|  |TAMS 0x00000000a6d00000, 0x00000000a6d00000| Untracked 
| 110|0x00000000a6e00000, 0x00000000a6e00000, 0x00000000a6f00000|  0%| F|  |TAMS 0x00000000a6e00000, 0x00000000a6e00000| Untracked 
| 111|0x00000000a6f00000, 0x00000000a6f00000, 0x00000000a7000000|  0%| F|  |TAMS 0x00000000a6f00000, 0x00000000a6f00000| Untracked 
| 112|0x00000000a7000000, 0x00000000a7000000, 0x00000000a7100000|  0%| F|  |TAMS 0x00000000a7000000, 0x00000000a7000000| Untracked 
| 113|0x00000000a7100000, 0x00000000a7100000, 0x00000000a7200000|  0%| F|  |TAMS 0x00000000a7100000, 0x00000000a7100000| Untracked 
| 114|0x00000000a7200000, 0x00000000a7200000, 0x00000000a7300000|  0%| F|  |TAMS 0x00000000a7200000, 0x00000000a7200000| Untracked 
| 115|0x00000000a7300000, 0x00000000a7300000, 0x00000000a7400000|  0%| F|  |TAMS 0x00000000a7300000, 0x00000000a7300000| Untracked 
| 116|0x00000000a7400000, 0x00000000a7400000, 0x00000000a7500000|  0%| F|  |TAMS 0x00000000a7400000, 0x00000000a7400000| Untracked 
| 117|0x00000000a7500000, 0x00000000a75aeea0, 0x00000000a7600000| 68%| E|  |TAMS 0x00000000a7500000, 0x00000000a7500000| Complete 
| 118|0x00000000a7600000, 0x00000000a7700000, 0x00000000a7700000|100%| E|CS|TAMS 0x00000000a7600000, 0x00000000a7600000| Complete 
| 119|0x00000000a7700000, 0x00000000a7800000, 0x00000000a7800000|100%| E|CS|TAMS 0x00000000a7700000, 0x00000000a7700000| Complete 
| 120|0x00000000a7800000, 0x00000000a7900000, 0x00000000a7900000|100%| E|CS|TAMS 0x00000000a7800000, 0x00000000a7800000| Complete 
| 121|0x00000000a7900000, 0x00000000a7a00000, 0x00000000a7a00000|100%| E|CS|TAMS 0x00000000a7900000, 0x00000000a7900000| Complete 
| 122|0x00000000a7a00000, 0x00000000a7b00000, 0x00000000a7b00000|100%| E|CS|TAMS 0x00000000a7a00000, 0x00000000a7a00000| Complete 
| 123|0x00000000a7b00000, 0x00000000a7c00000, 0x00000000a7c00000|100%| E|CS|TAMS 0x00000000a7b00000, 0x00000000a7b00000| Complete 
| 124|0x00000000a7c00000, 0x00000000a7d00000, 0x00000000a7d00000|100%| E|CS|TAMS 0x00000000a7c00000, 0x00000000a7c00000| Complete 
| 125|0x00000000a7d00000, 0x00000000a7e00000, 0x00000000a7e00000|100%| E|CS|TAMS 0x00000000a7d00000, 0x00000000a7d00000| Complete 
| 126|0x00000000a7e00000, 0x00000000a7f00000, 0x00000000a7f00000|100%| E|CS|TAMS 0x00000000a7e00000, 0x00000000a7e00000| Complete 
| 127|0x00000000a7f00000, 0x00000000a8000000, 0x00000000a8000000|100%| E|CS|TAMS 0x00000000a7f00000, 0x00000000a7f00000| Complete 

Card table byte_map: [0x000001a273de0000,0x000001a2740e0000] _byte_map_base: 0x000001a2738e0000

Marking Bits (Prev, Next): (CMBitMap*) 0x000001a260fff228, (CMBitMap*) 0x000001a260fff260
 Prev Bits: [0x000001a2743e0000, 0x000001a275be0000)
 Next Bits: [0x000001a275be0000, 0x000001a2773e0000)

Polling page: 0x000001a25efa0000

Metaspace:

Usage:
  Non-class:     60.55 MB capacity,    59.09 MB ( 98%) used,     1.26 MB (  2%) free+waste,   195.88 KB ( <1%) overhead. 
      Class:      9.28 MB capacity,     8.53 MB ( 92%) used,   669.78 KB (  7%) free+waste,    92.44 KB ( <1%) overhead. 
       Both:     69.83 MB capacity,    67.63 MB ( 97%) used,     1.92 MB (  3%) free+waste,   288.31 KB ( <1%) overhead. 

Virtual space:
  Non-class space:       62.00 MB reserved,      60.67 MB ( 98%) committed 
      Class space:        1.00 GB reserved,       9.28 MB ( <1%) committed 
             Both:        1.06 GB reserved,      69.95 MB (  6%) committed 

Chunk freelists:
   Non-Class:  0 bytes
       Class:  2.00 KB
        Both:  2.00 KB

MaxMetaspaceSize: 17179869184.00 GB
CompressedClassSpaceSize: 1.00 GB
Initial GC threshold: 20.80 MB
Current GC threshold: 116.17 MB
CDS: off

CodeHeap 'non-profiled nmethods': size=120064Kb used=4666Kb max_used=4666Kb free=115397Kb
 bounds [0x000001a26c5a0000, 0x000001a26ca30000, 0x000001a273ae0000]
CodeHeap 'profiled nmethods': size=120000Kb used=17326Kb max_used=17326Kb free=102673Kb
 bounds [0x000001a265070000, 0x000001a266160000, 0x000001a26c5a0000]
CodeHeap 'non-nmethods': size=5696Kb used=2340Kb max_used=2414Kb free=3355Kb
 bounds [0x000001a264ae0000, 0x000001a264d50000, 0x000001a265070000]
 total_blobs=8773 nmethods=7917 adapters=768
 compilation: enabled
              stopped_count=0, restarted_count=0
 full_count=0

Compilation events (20 events):
Event: 36.307 Thread 0x000001a2798ec000 7929       3       groovyjarjarasm.asm.Type::getDescriptor (18 bytes)
Event: 36.307 Thread 0x000001a2798ec000 nmethod 7929 0x000001a266155390 code [0x000001a2661555c0, 0x000001a266155bd8]
Event: 36.307 Thread 0x000001a2798ec000 7931       3       org.gradle.internal.FileUtils::normalize (52 bytes)
Event: 36.308 Thread 0x000001a2798ec000 nmethod 7931 0x000001a266155e10 code [0x000001a266156040, 0x000001a266156698]
Event: 36.308 Thread 0x000001a2798ec000 7932       3       org.apache.commons.io.FilenameUtils::normalizeNoEndSeparator (9 bytes)
Event: 36.308 Thread 0x000001a2798ec000 nmethod 7932 0x000001a266156910 code [0x000001a266156ac0, 0x000001a266156bc8]
Event: 36.308 Thread 0x000001a2798ec000 7933       3       org.codehaus.groovy.runtime.ArrayUtil::createArray (9 bytes)
Event: 36.309 Thread 0x000001a2798ec000 nmethod 7933 0x000001a266156c90 code [0x000001a266156e40, 0x000001a266157118]
Event: 36.309 Thread 0x000001a2798ec000 7934       3       org.gradle.internal.extensibility.DefaultConvention$ExtensionsDynamicObject::hasProperty (81 bytes)
Event: 36.309 Thread 0x000001a2798ec000 nmethod 7934 0x000001a266157210 code [0x000001a266157460, 0x000001a266157d08]
Event: 36.310 Thread 0x000001a2798ec000 7935       3       java.lang.reflect.Field::get (29 bytes)
Event: 36.310 Thread 0x000001a2798ec000 nmethod 7935 0x000001a266158010 code [0x000001a266158220, 0x000001a266158798]
Event: 36.312 Thread 0x000001a2798ec000 7936       3       org.codehaus.groovy.runtime.MetaClassHelper::sameClasses (54 bytes)
Event: 36.313 Thread 0x000001a2798ec000 nmethod 7936 0x000001a266158990 code [0x000001a266158b80, 0x000001a266159218]
Event: 36.317 Thread 0x000001a2798ec000 7937       3       org.codehaus.groovy.reflection.ParameterTypes::getNativeParameterTypes (16 bytes)
Event: 36.317 Thread 0x000001a2798ec000 nmethod 7937 0x000001a266159410 code [0x000001a2661595c0, 0x000001a266159748]
Event: 36.318 Thread 0x000001a2798ec000 7938       3       groovyjarjarasm.asm.MethodWriter::endCurrentBasicBlockWithNoSuccessor (94 bytes)
Event: 36.319 Thread 0x000001a2798ec000 nmethod 7938 0x000001a266159810 code [0x000001a266159a20, 0x000001a26615a068]
Event: 36.411 Thread 0x000001a2798ec000 7940       3       groovy.lang.MetaClassImpl$1::skipClass (17 bytes)
Event: 36.411 Thread 0x000001a2798ec000 nmethod 7940 0x000001a26615a290 code [0x000001a26615a440, 0x000001a26615a598]

GC Heap History (20 events):
Event: 30.461 GC heap before
{Heap before GC invocations=17 (full 0):
 garbage-first heap   total 131072K, used 89472K [0x00000000a0000000, 0x0000000100000000)
  region size 1024K, 37 young (37888K), 5 survivors (5120K)
 Metaspace       used 63926K, capacity 65783K, committed 66000K, reserved 1105920K
  class space    used 8058K, capacity 8701K, committed 8736K, reserved 1048576K
}
Event: 30.470 GC heap after
{Heap after GC invocations=18 (full 0):
 garbage-first heap   total 131072K, used 57482K [0x00000000a0000000, 0x0000000100000000)
  region size 1024K, 2 young (2048K), 2 survivors (2048K)
 Metaspace       used 63926K, capacity 65783K, committed 66000K, reserved 1105920K
  class space    used 8058K, capacity 8701K, committed 8736K, reserved 1048576K
}
Event: 31.606 GC heap before
{Heap before GC invocations=18 (full 0):
 garbage-first heap   total 131072K, used 91274K [0x00000000a0000000, 0x0000000100000000)
  region size 1024K, 35 young (35840K), 2 survivors (2048K)
 Metaspace       used 66123K, capacity 67969K, committed 68048K, reserved 1107968K
  class space    used 8332K, capacity 8958K, committed 8992K, reserved 1048576K
}
Event: 31.612 GC heap after
{Heap after GC invocations=19 (full 0):
 garbage-first heap   total 131072K, used 59172K [0x00000000a0000000, 0x0000000100000000)
  region size 1024K, 4 young (4096K), 4 survivors (4096K)
 Metaspace       used 66123K, capacity 67969K, committed 68048K, reserved 1107968K
  class space    used 8332K, capacity 8958K, committed 8992K, reserved 1048576K
}
Event: 33.221 GC heap before
{Heap before GC invocations=19 (full 0):
 garbage-first heap   total 131072K, used 95012K [0x00000000a0000000, 0x0000000100000000)
  region size 1024K, 38 young (38912K), 4 survivors (4096K)
 Metaspace       used 66937K, capacity 68839K, committed 68944K, reserved 1110016K
  class space    used 8400K, capacity 9041K, committed 9120K, reserved 1048576K
}
Event: 33.234 GC heap after
{Heap after GC invocations=20 (full 0):
 garbage-first heap   total 131072K, used 67628K [0x00000000a0000000, 0x0000000100000000)
  region size 1024K, 5 young (5120K), 5 survivors (5120K)
 Metaspace       used 66937K, capacity 68839K, committed 68944K, reserved 1110016K
  class space    used 8400K, capacity 9041K, committed 9120K, reserved 1048576K
}
Event: 33.294 GC heap before
{Heap before GC invocations=20 (full 0):
 garbage-first heap   total 131072K, used 69676K [0x00000000a0000000, 0x0000000100000000)
  region size 1024K, 8 young (8192K), 5 survivors (5120K)
 Metaspace       used 66941K, capacity 68843K, committed 68944K, reserved 1110016K
  class space    used 8400K, capacity 9041K, committed 9120K, reserved 1048576K
}
Event: 33.305 GC heap after
{Heap after GC invocations=21 (full 0):
 garbage-first heap   total 131072K, used 70589K [0x00000000a0000000, 0x0000000100000000)
  region size 1024K, 3 young (3072K), 3 survivors (3072K)
 Metaspace       used 66941K, capacity 68843K, committed 68944K, reserved 1110016K
  class space    used 8400K, capacity 9041K, committed 9120K, reserved 1048576K
}
Event: 33.661 GC heap before
{Heap before GC invocations=22 (full 0):
 garbage-first heap   total 131072K, used 87997K [0x00000000a0000000, 0x0000000100000000)
  region size 1024K, 22 young (22528K), 3 survivors (3072K)
 Metaspace       used 67250K, capacity 69293K, committed 69584K, reserved 1110016K
  class space    used 8451K, capacity 9151K, committed 9248K, reserved 1048576K
}
Event: 33.668 GC heap after
{Heap after GC invocations=23 (full 0):
 garbage-first heap   total 131072K, used 70470K [0x00000000a0000000, 0x0000000100000000)
  region size 1024K, 3 young (3072K), 3 survivors (3072K)
 Metaspace       used 67250K, capacity 69293K, committed 69584K, reserved 1110016K
  class space    used 8451K, capacity 9151K, committed 9248K, reserved 1048576K
}
Event: 34.645 GC heap before
{Heap before GC invocations=23 (full 0):
 garbage-first heap   total 131072K, used 92998K [0x00000000a0000000, 0x0000000100000000)
  region size 1024K, 25 young (25600K), 3 survivors (3072K)
 Metaspace       used 67804K, capacity 69956K, committed 70096K, reserved 1110016K
  class space    used 8537K, capacity 9244K, committed 9248K, reserved 1048576K
}
Event: 34.653 GC heap after
{Heap after GC invocations=24 (full 0):
 garbage-first heap   total 131072K, used 71695K [0x00000000a0000000, 0x0000000100000000)
  region size 1024K, 2 young (2048K), 2 survivors (2048K)
 Metaspace       used 67804K, capacity 69956K, committed 70096K, reserved 1110016K
  class space    used 8537K, capacity 9244K, committed 9248K, reserved 1048576K
}
Event: 35.760 GC heap before
{Heap before GC invocations=25 (full 0):
 garbage-first heap   total 131072K, used 96271K [0x00000000a0000000, 0x0000000100000000)
  region size 1024K, 26 young (26624K), 2 survivors (2048K)
 Metaspace       used 68714K, capacity 70809K, committed 71120K, reserved 1112064K
  class space    used 8676K, capacity 9397K, committed 9504K, reserved 1048576K
}
Event: 35.767 GC heap after
{Heap after GC invocations=26 (full 0):
 garbage-first heap   total 131072K, used 72755K [0x00000000a0000000, 0x0000000100000000)
  region size 1024K, 3 young (3072K), 3 survivors (3072K)
 Metaspace       used 68714K, capacity 70809K, committed 71120K, reserved 1112064K
  class space    used 8676K, capacity 9397K, committed 9504K, reserved 1048576K
}
Event: 35.784 GC heap before
{Heap before GC invocations=26 (full 0):
 garbage-first heap   total 131072K, used 74803K [0x00000000a0000000, 0x0000000100000000)
  region size 1024K, 6 young (6144K), 3 survivors (3072K)
 Metaspace       used 68739K, capacity 70811K, committed 71120K, reserved 1112064K
  class space    used 8676K, capacity 9397K, committed 9504K, reserved 1048576K
}
Event: 35.789 GC heap after
{Heap after GC invocations=27 (full 0):
 garbage-first heap   total 131072K, used 72512K [0x00000000a0000000, 0x0000000100000000)
  region size 1024K, 1 young (1024K), 1 survivors (1024K)
 Metaspace       used 68739K, capacity 70811K, committed 71120K, reserved 1112064K
  class space    used 8676K, capacity 9397K, committed 9504K, reserved 1048576K
}
Event: 35.925 GC heap before
{Heap before GC invocations=27 (full 0):
 garbage-first heap   total 131072K, used 80704K [0x00000000a0000000, 0x0000000100000000)
  region size 1024K, 10 young (10240K), 1 survivors (1024K)
 Metaspace       used 68793K, capacity 70877K, committed 71120K, reserved 1112064K
  class space    used 8681K, capacity 9397K, committed 9504K, reserved 1048576K
}
Event: 35.929 GC heap after
{Heap after GC invocations=28 (full 0):
 garbage-first heap   total 131072K, used 74210K [0x00000000a0000000, 0x0000000100000000)
  region size 1024K, 3 young (3072K), 3 survivors (3072K)
 Metaspace       used 68793K, capacity 70877K, committed 71120K, reserved 1112064K
  class space    used 8681K, capacity 9397K, committed 9504K, reserved 1048576K
}
Event: 36.323 GC heap before
{Heap before GC invocations=29 (full 0):
 garbage-first heap   total 131072K, used 96738K [0x00000000a0000000, 0x0000000100000000)
  region size 1024K, 25 young (25600K), 3 survivors (3072K)
 Metaspace       used 69134K, capacity 71284K, committed 71376K, reserved 1112064K
  class space    used 8726K, capacity 9428K, committed 9504K, reserved 1048576K
}
Event: 36.331 GC heap after
{Heap after GC invocations=30 (full 0):
 garbage-first heap   total 131072K, used 75736K [0x00000000a0000000, 0x0000000100000000)
  region size 1024K, 4 young (4096K), 4 survivors (4096K)
 Metaspace       used 69134K, capacity 71284K, committed 71376K, reserved 1112064K
  class space    used 8726K, capacity 9428K, committed 9504K, reserved 1048576K
}

Deoptimization events (20 events):
Event: 34.051 Thread 0x000001a27bd3f000 DEOPT PACKING pc=0x000001a26c7c1568 sp=0x000000528e7ee280
Event: 34.051 Thread 0x000001a27bd3f000 DEOPT UNPACKING pc=0x000001a264b2a1af sp=0x000000528e7ee248 mode 2
Event: 35.731 Thread 0x000001a27bd3f000 Uncommon trap: trap_request=0xffffff4d fr.pc=0x000001a26c9b8fc0 relative=0x0000000000000a60
Event: 35.743 Thread 0x000001a27bd3f000 Uncommon trap: reason=unstable_if action=reinterpret pc=0x000001a26c9b8fc0 method=org.gradle.internal.snapshot.VfsRelativePath.isPrefix(Ljava/lang/String;ILjava/lang/String;ILorg/gradle/internal/snapshot/CaseSensitivity;)Z @ 101 c2
Event: 35.743 Thread 0x000001a27bd3f000 DEOPT PACKING pc=0x000001a26c9b8fc0 sp=0x000000528e7f04b0
Event: 35.743 Thread 0x000001a27bd3f000 DEOPT UNPACKING pc=0x000001a264b2a1af sp=0x000000528e7f0438 mode 2
Event: 35.829 Thread 0x000001a27bd3f000 Uncommon trap: trap_request=0xffffff4d fr.pc=0x000001a26c8960a4 relative=0x0000000000000724
Event: 35.829 Thread 0x000001a27bd3f000 Uncommon trap: reason=unstable_if action=reinterpret pc=0x000001a26c8960a4 method=org.gradle.internal.snapshot.VfsRelativePath.compareToFirstSegment(Ljava/lang/String;Lorg/gradle/internal/snapshot/CaseSensitivity;)I @ 134 c2
Event: 35.829 Thread 0x000001a27bd3f000 DEOPT PACKING pc=0x000001a26c8960a4 sp=0x000000528e7f11c0
Event: 35.829 Thread 0x000001a27bd3f000 DEOPT UNPACKING pc=0x000001a264b2a1af sp=0x000000528e7f1140 mode 2
Event: 36.075 Thread 0x000001a27bd3f000 Uncommon trap: trap_request=0xfffffff4 fr.pc=0x000001a26c80bf74 relative=0x00000000000009d4
Event: 36.075 Thread 0x000001a27bd3f000 Uncommon trap: reason=null_check action=make_not_entrant pc=0x000001a26c80bf74 method=com.sun.beans.introspect.MethodInfo$MethodOrder.compare(Ljava/lang/reflect/Method;Ljava/lang/reflect/Method;)I @ 133 c2
Event: 36.075 Thread 0x000001a27bd3f000 DEOPT PACKING pc=0x000001a26c80bf74 sp=0x000000528e7ee400
Event: 36.075 Thread 0x000001a27bd3f000 DEOPT UNPACKING pc=0x000001a264b2a1af sp=0x000000528e7ee330 mode 2
Event: 36.158 Thread 0x000001a27bd3f000 DEOPT PACKING pc=0x000001a265904270 sp=0x000000528e7f0cf0
Event: 36.158 Thread 0x000001a27bd3f000 DEOPT UNPACKING pc=0x000001a264b2a95e sp=0x000000528e7f01d0 mode 0
Event: 36.332 Thread 0x000001a27bd3f000 DEOPT PACKING pc=0x000001a265904270 sp=0x000000528e7eed70
Event: 36.332 Thread 0x000001a27bd3f000 DEOPT UNPACKING pc=0x000001a264b2a95e sp=0x000000528e7ee250 mode 0
Event: 36.410 Thread 0x000001a27bd3f000 DEOPT PACKING pc=0x000001a265904270 sp=0x000000528e7eedf0
Event: 36.410 Thread 0x000001a27bd3f000 DEOPT UNPACKING pc=0x000001a264b2a95e sp=0x000000528e7ee2d0 mode 0

Classes redefined (0 events):
No events

Internal exceptions (20 events):
Event: 36.190 Thread 0x000001a27bd3f000 Exception <a 'java/lang/ClassNotFoundException'{0x00000000a6dc35c0}: org/gradle/api/internal/AbstractNamedDomainObjectContainerCustomizer> (0x00000000a6dc35c0) thrown at [./src/hotspot/share/classfile/systemDictionary.cpp, line 231]
Event: 36.197 Thread 0x000001a27bd3f000 Exception <a 'java/lang/ClassNotFoundException'{0x00000000a6c1b9d8}: org/gradle/api/internal/FactoryNamedDomainObjectContainerCustomizer> (0x00000000a6c1b9d8) thrown at [./src/hotspot/share/classfile/systemDictionary.cpp, line 231]
Event: 36.200 Thread 0x000001a27bd3f000 Exception <a 'java/lang/ClassNotFoundException'{0x00000000a6c6c638}: org/gradle/api/internal/FactoryNamedDomainObjectContainer_DecoratedCustomizer> (0x00000000a6c6c638) thrown at [./src/hotspot/share/classfile/systemDictionary.cpp, line 231]
Event: 36.234 Thread 0x000001a27bd3f000 Exception <a 'java/lang/ClassNotFoundException'{0x00000000a6a9a770}: com/android/build/gradle/internal/dsl/BuildType_DecoratedBeanInfo> (0x00000000a6a9a770) thrown at [./src/hotspot/share/classfile/systemDictionary.cpp, line 231]
Event: 36.236 Thread 0x000001a27bd3f000 Exception <a 'java/lang/ClassNotFoundException'{0x00000000a6abc550}: com/android/build/gradle/internal/dsl/BuildTypeBeanInfo> (0x00000000a6abc550) thrown at [./src/hotspot/share/classfile/systemDictionary.cpp, line 231]
Event: 36.237 Thread 0x000001a27bd3f000 Exception <a 'java/lang/ClassNotFoundException'{0x00000000a6ade458}: com/android/builder/core/AbstractBuildTypeBeanInfo> (0x00000000a6ade458) thrown at [./src/hotspot/share/classfile/systemDictionary.cpp, line 231]
Event: 36.239 Thread 0x000001a27bd3f000 Exception <a 'java/lang/ClassNotFoundException'{0x00000000a6900a90}: com/android/builder/core/AbstractBuildTypeCustomizer> (0x00000000a6900a90) thrown at [./src/hotspot/share/classfile/systemDictionary.cpp, line 231]
Event: 36.241 Thread 0x000001a27bd3f000 Exception <a 'java/lang/ClassNotFoundException'{0x00000000a693e5c0}: com/android/build/gradle/internal/dsl/BuildTypeCustomizer> (0x00000000a693e5c0) thrown at [./src/hotspot/share/classfile/systemDictionary.cpp, line 231]
Event: 36.245 Thread 0x000001a27bd3f000 Exception <a 'java/lang/ClassNotFoundException'{0x00000000a69cfb30}: com/android/build/gradle/internal/dsl/BuildType_DecoratedCustomizer> (0x00000000a69cfb30) thrown at [./src/hotspot/share/classfile/systemDictionary.cpp, line 231]
Event: 36.336 Thread 0x000001a27bd3f000 Exception <a 'java/lang/ClassNotFoundException'{0x00000000a7d22bf0}: org/gradle/api/internal/artifacts/configurations/DefaultConfigurationContainer_DecoratedBeanInfo> (0x00000000a7d22bf0) thrown at [./src/hotspot/share/classfile/systemDictionary.cpp, line 231]
Event: 36.338 Thread 0x000001a27bd3f000 Exception <a 'java/lang/ClassNotFoundException'{0x00000000a7d806f0}: org/gradle/api/internal/artifacts/configurations/DefaultConfigurationContainerBeanInfo> (0x00000000a7d806f0) thrown at [./src/hotspot/share/classfile/systemDictionary.cpp, line 231]
Event: 36.340 Thread 0x000001a27bd3f000 Exception <a 'java/lang/ClassNotFoundException'{0x00000000a7dca520}: org/gradle/api/internal/AbstractValidatingNamedDomainObjectContainerBeanInfo> (0x00000000a7dca520) thrown at [./src/hotspot/share/classfile/systemDictionary.cpp, line 231]
Event: 36.393 Thread 0x000001a27bd3f000 Exception <a 'java/lang/ClassNotFoundException'{0x00000000a7c14d08}: org/gradle/api/internal/AbstractValidatingNamedDomainObjectContainerCustomizer> (0x00000000a7c14d08) thrown at [./src/hotspot/share/classfile/systemDictionary.cpp, line 231]
Event: 36.396 Thread 0x000001a27bd3f000 Exception <a 'java/lang/ClassNotFoundException'{0x00000000a7c7d7d0}: org/gradle/api/internal/artifacts/configurations/DefaultConfigurationContainerCustomizer> (0x00000000a7c7d7d0) thrown at [./src/hotspot/share/classfile/systemDictionary.cpp, line 231]
Event: 36.398 Thread 0x000001a27bd3f000 Exception <a 'java/lang/ClassNotFoundException'{0x00000000a7cf3900}: org/gradle/api/internal/artifacts/configurations/DefaultConfigurationContainer_DecoratedCustomizer> (0x00000000a7cf3900) thrown at [./src/hotspot/share/classfile/systemDictionary.cpp, line 231]
Event: 36.415 Thread 0x000001a27bd3f000 Exception <a 'java/lang/ClassNotFoundException'{0x00000000a7805e10}: org/gradle/api/internal/artifacts/configurations/DefaultConfiguration_DecoratedBeanInfo> (0x00000000a7805e10) thrown at [./src/hotspot/share/classfile/systemDictionary.cpp, line 231]
Event: 36.417 Thread 0x000001a27bd3f000 Exception <a 'java/lang/ClassNotFoundException'{0x00000000a785fa98}: org/gradle/api/internal/artifacts/configurations/DefaultConfigurationBeanInfo> (0x00000000a785fa98) thrown at [./src/hotspot/share/classfile/systemDictionary.cpp, line 231]
Event: 36.419 Thread 0x000001a27bd3f000 Exception <a 'java/lang/ClassNotFoundException'{0x00000000a78a42f0}: org/gradle/api/internal/file/AbstractFileCollectionBeanInfo> (0x00000000a78a42f0) thrown at [./src/hotspot/share/classfile/systemDictionary.cpp, line 231]
Event: 36.420 Thread 0x000001a27bd3f000 Exception <a 'java/lang/ClassNotFoundException'{0x00000000a78e8f38}: org/gradle/api/internal/file/AbstractFileCollectionCustomizer> (0x00000000a78e8f38) thrown at [./src/hotspot/share/classfile/systemDictionary.cpp, line 231]
Event: 36.423 Thread 0x000001a27bd3f000 Exception <a 'java/lang/ClassNotFoundException'{0x00000000a77552e8}: org/gradle/api/internal/artifacts/configurations/DefaultConfigurationCustomizer> (0x00000000a77552e8) thrown at [./src/hotspot/share/classfile/systemDictionary.cpp, line 231]

Events (20 events):
Event: 36.418 loading class org/gradle/api/internal/file/AbstractFileCollectionBeanInfo
Event: 36.418 loading class org/gradle/api/internal/file/AbstractFileCollectionBeanInfo done
Event: 36.419 loading class org/gradle/api/internal/file/AbstractFileCollectionCustomizer
Event: 36.419 loading class org/gradle/api/internal/file/AbstractFileCollectionCustomizer done
Event: 36.419 loading class org/gradle/api/internal/file/AbstractFileCollectionCustomizer
Event: 36.419 loading class org/gradle/api/internal/file/AbstractFileCollectionCustomizer done
Event: 36.419 loading class org/gradle/api/internal/file/AbstractFileCollectionCustomizer
Event: 36.419 loading class org/gradle/api/internal/file/AbstractFileCollectionCustomizer done
Event: 36.420 loading class org/gradle/api/internal/file/AbstractFileCollectionCustomizer
Event: 36.420 loading class org/gradle/api/internal/file/AbstractFileCollectionCustomizer done
Event: 36.421 loading class org/gradle/api/internal/artifacts/configurations/DefaultConfigurationCustomizer
Event: 36.421 loading class org/gradle/api/internal/artifacts/configurations/DefaultConfigurationCustomizer done
Event: 36.422 loading class org/gradle/api/internal/artifacts/configurations/DefaultConfigurationCustomizer
Event: 36.422 loading class org/gradle/api/internal/artifacts/configurations/DefaultConfigurationCustomizer done
Event: 36.422 loading class org/gradle/api/internal/artifacts/configurations/DefaultConfigurationCustomizer
Event: 36.422 loading class org/gradle/api/internal/artifacts/configurations/DefaultConfigurationCustomizer done
Event: 36.423 loading class org/gradle/api/internal/artifacts/configurations/DefaultConfigurationCustomizer
Event: 36.423 loading class org/gradle/api/internal/artifacts/configurations/DefaultConfigurationCustomizer done
Event: 36.424 loading class org/gradle/internal/deprecation/DeprecationMessageBuilder$DeprecateConfiguration
Event: 36.424 loading class org/gradle/internal/deprecation/DeprecationMessageBuilder$DeprecateConfiguration done


Dynamic libraries:
0x00007ff663240000 - 0x00007ff66324a000 	C:\Program Files\Android\Android Studio\jre\bin\java.exe
0x00007ffe42490000 - 0x00007ffe42688000 	C:\Windows\SYSTEM32\ntdll.dll
0x00007ffe42140000 - 0x00007ffe421fd000 	C:\Windows\System32\KERNEL32.DLL
0x00007ffe3fb40000 - 0x00007ffe3fe36000 	C:\Windows\System32\KERNELBASE.dll
0x00007ffe40350000 - 0x00007ffe40450000 	C:\Windows\System32\ucrtbase.dll
0x00007ffe1a180000 - 0x00007ffe1a197000 	C:\Program Files\Android\Android Studio\jre\bin\VCRUNTIME140.dll
0x00007ffe25020000 - 0x00007ffe25039000 	C:\Program Files\Android\Android Studio\jre\bin\jli.dll
0x00007ffe41e50000 - 0x00007ffe41fef000 	C:\Windows\System32\USER32.dll
0x00007ffe17aa0000 - 0x00007ffe17d3a000 	C:\Windows\WinSxS\amd64_microsoft.windows.common-controls_6595b64144ccf1df_6.0.19041.4355_none_60b8b9eb71f62e16\COMCTL32.dll
0x00007ffe3fe40000 - 0x00007ffe3fe62000 	C:\Windows\System32\win32u.dll
0x00007ffe423b0000 - 0x00007ffe4244e000 	C:\Windows\System32\msvcrt.dll
0x00007ffe40ff0000 - 0x00007ffe4101b000 	C:\Windows\System32\GDI32.dll
0x00007ffe3fe70000 - 0x00007ffe3ff87000 	C:\Windows\System32\gdi32full.dll
0x00007ffe40070000 - 0x00007ffe4010d000 	C:\Windows\System32\msvcp_win.dll
0x00007ffe417a0000 - 0x00007ffe417d2000 	C:\Windows\System32\IMM32.DLL
0x00007ffdf8f40000 - 0x00007ffdf8fdd000 	C:\Program Files\Android\Android Studio\jre\bin\msvcp140.dll
0x00007ffdc33a0000 - 0x00007ffdc3ea2000 	C:\Program Files\Android\Android Studio\jre\bin\server\jvm.dll
0x00007ffe406c0000 - 0x00007ffe40770000 	C:\Windows\System32\ADVAPI32.dll
0x00007ffe416a0000 - 0x00007ffe41740000 	C:\Windows\System32\sechost.dll
0x00007ffe42000000 - 0x00007ffe42123000 	C:\Windows\System32\RPCRT4.dll
0x00007ffe40110000 - 0x00007ffe40137000 	C:\Windows\System32\bcrypt.dll
0x00007ffe16bd0000 - 0x00007ffe16bd9000 	C:\Windows\SYSTEM32\WSOCK32.dll
0x00007ffe18590000 - 0x00007ffe185b7000 	C:\Windows\SYSTEM32\WINMM.dll
0x00007ffe41140000 - 0x00007ffe411ab000 	C:\Windows\System32\WS2_32.dll
0x00007ffe42130000 - 0x00007ffe42138000 	C:\Windows\System32\PSAPI.DLL
0x00007ffe3cf50000 - 0x00007ffe3cf5a000 	C:\Windows\SYSTEM32\VERSION.dll
0x00007ffe3e3a0000 - 0x00007ffe3e3b2000 	C:\Windows\SYSTEM32\kernel.appcore.dll
0x00007ffe15580000 - 0x00007ffe15591000 	C:\Program Files\Android\Android Studio\jre\bin\verify.dll
0x00007ffe3d990000 - 0x00007ffe3db74000 	C:\Windows\SYSTEM32\DBGHELP.DLL
0x00007ffe26ca0000 - 0x00007ffe26cd4000 	C:\Windows\SYSTEM32\dbgcore.DLL
0x00007ffe3ff90000 - 0x00007ffe40012000 	C:\Windows\System32\bcryptPrimitives.dll
0x00007ffe0f0a0000 - 0x00007ffe0f0c9000 	C:\Program Files\Android\Android Studio\jre\bin\java.dll
0x00007ffe35690000 - 0x00007ffe3569b000 	C:\Program Files\Android\Android Studio\jre\bin\jimage.dll
0x00007ffe122e0000 - 0x00007ffe122f8000 	C:\Program Files\Android\Android Studio\jre\bin\zip.dll
0x00007ffe40770000 - 0x00007ffe40edb000 	C:\Windows\System32\SHELL32.dll
0x00007ffe3db80000 - 0x00007ffe3e31d000 	C:\Windows\SYSTEM32\windows.storage.dll
0x00007ffe417f0000 - 0x00007ffe41b43000 	C:\Windows\System32\combase.dll
0x00007ffe3f560000 - 0x00007ffe3f58e000 	C:\Windows\SYSTEM32\Wldp.dll
0x00007ffe404c0000 - 0x00007ffe4058d000 	C:\Windows\System32\OLEAUT32.dll
0x00007ffe40ee0000 - 0x00007ffe40f8d000 	C:\Windows\System32\SHCORE.dll
0x00007ffe411b0000 - 0x00007ffe41205000 	C:\Windows\System32\shlwapi.dll
0x00007ffe3fa70000 - 0x00007ffe3fa94000 	C:\Windows\SYSTEM32\profapi.dll
0x00007ffe0a000000 - 0x00007ffe0a01a000 	C:\Program Files\Android\Android Studio\jre\bin\net.dll
0x00007ffe32260000 - 0x00007ffe3236a000 	C:\Windows\SYSTEM32\WINHTTP.dll
0x00007ffe3f1f0000 - 0x00007ffe3f25a000 	C:\Windows\system32\mswsock.dll
0x00007ffe09ea0000 - 0x00007ffe09eb4000 	C:\Program Files\Android\Android Studio\jre\bin\nio.dll
0x00007ffe0a360000 - 0x00007ffe0a387000 	C:\Users\Muller\.gradle\native\e1d6ef7f7dcc3fd88c89a11ec53ec762bb8ba0a96d01ffa2cd45eb1d1d8dd5c5\windows-amd64\native-platform.dll
0x00007ffde7f20000 - 0x00007ffde8064000 	C:\Users\Muller\.gradle\native\0d407fdbe67a94daf76414ababcb853783967236a71b16ec16e742cd7a986fd3\windows-amd64\native-platform-file-events.dll
0x00007ffe29f50000 - 0x00007ffe29f5a000 	C:\Program Files\Android\Android Studio\jre\bin\management.dll
0x00007ffe279c0000 - 0x00007ffe279cd000 	C:\Program Files\Android\Android Studio\jre\bin\management_ext.dll
0x00007ffe3f450000 - 0x00007ffe3f468000 	C:\Windows\SYSTEM32\CRYPTSP.dll
0x00007ffe3eb10000 - 0x00007ffe3eb44000 	C:\Windows\system32\rsaenh.dll
0x00007ffe3fa20000 - 0x00007ffe3fa4e000 	C:\Windows\SYSTEM32\USERENV.dll
0x00007ffe3f440000 - 0x00007ffe3f44c000 	C:\Windows\SYSTEM32\CRYPTBASE.dll
0x00007ffe3eed0000 - 0x00007ffe3ef0b000 	C:\Windows\SYSTEM32\IPHLPAPI.DLL
0x00007ffe41ff0000 - 0x00007ffe41ff8000 	C:\Windows\System32\NSI.dll
0x00007ffe32870000 - 0x00007ffe32887000 	C:\Windows\SYSTEM32\dhcpcsvc6.DLL
0x00007ffe355b0000 - 0x00007ffe355cd000 	C:\Windows\SYSTEM32\dhcpcsvc.DLL
0x00007ffe3ef10000 - 0x00007ffe3efdb000 	C:\Windows\SYSTEM32\DNSAPI.dll

dbghelp: loaded successfully - version: 4.0.5 - missing functions: none
symbol engine: initialized successfully - sym options: 0x614 - pdb path: .;C:\Program Files\Android\Android Studio\jre\bin;C:\Windows\SYSTEM32;C:\Windows\WinSxS\amd64_microsoft.windows.common-controls_6595b64144ccf1df_6.0.19041.4355_none_60b8b9eb71f62e16;C:\Program Files\Android\Android Studio\jre\bin\server;C:\Users\Muller\.gradle\native\e1d6ef7f7dcc3fd88c89a11ec53ec762bb8ba0a96d01ffa2cd45eb1d1d8dd5c5\windows-amd64;C:\Users\Muller\.gradle\native\0d407fdbe67a94daf76414ababcb853783967236a71b16ec16e742cd7a986fd3\windows-amd64

VM Arguments:
jvm_args: --add-opens=java.base/java.util=ALL-UNNAMED --add-opens=java.base/java.lang=ALL-UNNAMED --add-opens=java.base/java.lang.invoke=ALL-UNNAMED --add-opens=java.base/java.util=ALL-UNNAMED --add-opens=java.prefs/java.util.prefs=ALL-UNNAMED --add-opens=java.prefs/java.util.prefs=ALL-UNNAMED --add-opens=java.base/java.nio.charset=ALL-UNNAMED --add-opens=java.base/java.net=ALL-UNNAMED --add-opens=java.base/java.util.concurrent.atomic=ALL-UNNAMED -Xmx1536M -Dfile.encoding=windows-1252 -Duser.country=US -Duser.language=en -Duser.variant 
java_command: org.gradle.launcher.daemon.bootstrap.GradleDaemon 7.5
java_class_path (initial): C:\Users\Muller\.gradle\wrapper\dists\gradle-7.5-all\6qsw290k5lz422uaf8jf6m7co\gradle-7.5\lib\gradle-launcher-7.5.jar
Launcher Type: SUN_STANDARD

[Global flags]
     intx CICompilerCount                          = 3                                         {product} {ergonomic}
     uint ConcGCThreads                            = 1                                         {product} {ergonomic}
     uint G1ConcRefinementThreads                  = 4                                         {product} {ergonomic}
   size_t G1HeapRegionSize                         = 1048576                                   {product} {ergonomic}
    uintx GCDrainStackTargetSize                   = 64                                        {product} {ergonomic}
   size_t InitialHeapSize                          = 134217728                                 {product} {ergonomic}
   size_t MarkStackSize                            = 4194304                                   {product} {ergonomic}
   size_t MaxHeapSize                              = 1610612736                                {product} {command line}
   size_t MaxNewSize                               = 965738496                                 {product} {ergonomic}
   size_t MinHeapDeltaBytes                        = 1048576                                   {product} {ergonomic}
    uintx NonNMethodCodeHeapSize                   = 5830732                                {pd product} {ergonomic}
    uintx NonProfiledCodeHeapSize                  = 122913754                              {pd product} {ergonomic}
    uintx ProfiledCodeHeapSize                     = 122913754                              {pd product} {ergonomic}
    uintx ReservedCodeCacheSize                    = 251658240                              {pd product} {ergonomic}
     bool SegmentedCodeCache                       = true                                      {product} {ergonomic}
     bool UseCompressedClassPointers               = true                                 {lp64_product} {ergonomic}
     bool UseCompressedOops                        = true                                 {lp64_product} {ergonomic}
     bool UseG1GC                                  = true                                      {product} {ergonomic}
     bool UseLargePagesIndividualAllocation        = false                                  {pd product} {ergonomic}

Logging:
Log output configuration:
 #0: stdout all=warning uptime,level,tags
 #1: stderr all=off uptime,level,tags

Environment Variables:
JAVA_HOME=C:\Program Files\Android\Android Studio\jre
CLASSPATH=E:\Flutter Projects\taxi\android\\gradle\wrapper\gradle-wrapper.jar
PATH=C:\Program Files\Android\Android Studio\jre\bin;C:\flutter\bin\;C:\Program Files\Common Files\Oracle\Java\javapath;C:\Program Files (x86)\Common Files\Oracle\Java\java8path;C:\Program Files (x86)\Common Files\Oracle\Java\javapath;C:\Windows\system32;C:\Windows;C:\Windows\System32\Wbem;C:\Windows\System32\WindowsPowerShell\v1.0\;C:\Windows\System32\OpenSSH\;C:\Program Files\Git\cmd;C:\Program Files\Docker\Docker\resources\bin;C:\ProgramData\DockerDesktop\version-bin;C:\Program Files\dotnet\;C:\Program Files\Microsoft SQL Server\Client SDK\ODBC\110\Tools\Binn\;C:\Program Files (x86)\Microsoft SQL Server\120\Tools\Binn\;C:\Program Files\Microsoft SQL Server\120\Tools\Binn\;C:\Program Files\Microsoft SQL Server\120\DTS\Binn\;C:\Program Files\Microsoft SQL Server\Client SDK\ODBC\170\Tools\Binn\;C:\Program Files\Microsoft SQL Server\150\Tools\Binn\;C:\Program Files\Microsoft SQL Server\130\Tools\Binn\;C:\Program Files\Microsoft SQL Server\110\Tools\Binn\;C:\xampp\php;C:\ProgramData\ComposerSetup\bin;C:\Program Files\MongoDB\Server\5.0\bin;C:\Program Files\Java\jdk-19\bin;C:\ProgramData\chocolatey\bin;C:\Program Files\nodejs\;C:\Program Files\Java\jdk-17\bin;C:\Users\Muller\AppData\Local\Microsoft\WindowsApps;C:\Users\Muller\AppData\Local\Programs\Microsoft VS Code\bin;C:\flutter\bin;C:\Program Files\Azure Data Studio\bin;C:\Users\Muller\AppData\Local\GitHubDesktop\bin;C:\Users\Muller\.dotnet\tools;C:\Users\Muller\AppData\Roaming\Composer\vendor\bin;C:\Users\Muller\AppData\Local\Programs\mongosh\;C:\Users\Muller\AppData\Roaming\npm;C:\flutter\bin\mingit\cmd
USERNAME=Muller
LANG=en_US.UTF-8
OS=Windows_NT
PROCESSOR_IDENTIFIER=Intel64 Family 6 Model 78 Stepping 3, GenuineIntel



---------------  S Y S T E M  ---------------

OS: Windows 10 , 64 bit Build 19041 (10.0.19041.3636)
OS uptime: 2 days 5:52 hours

CPU:total 4 (initial active 4) (2 cores per cpu, 2 threads per core) family 6 model 78 stepping 3 microcode 0xcc, cmov, cx8, fxsr, mmx, sse, sse2, sse3, ssse3, sse4.1, sse4.2, popcnt, avx, avx2, aes, clmul, erms, rtm, 3dnowpref, lzcnt, ht, tsc, tscinvbit, bmi1, bmi2, adx, fma

Memory: 4k page, system-wide physical 8072M (403M free)
TotalPageFile size 16445M (AvailPageFile size 5M)
current process WorkingSet (physical memory assigned to process): 352M, peak: 360M
current process commit charge ("private bytes"): 390M, peak: 393M

vm_info: OpenJDK 64-Bit Server VM (11.0.13+0-b1751.21-8125866) for windows-amd64 JRE (11.0.13+0-b1751.21-8125866), built on Feb  2 2022 03:00:22 by "builder" with MS VC++ 14.0 (VS2015)

END.
